<?xml version="1.0" encoding="UTF-8"?>
<!-- Generated by org.testng.reporters.JUnitReportReporter -->
<testsuite hostname="Prabhat" failures="0" tests="1" name="LoginTC" time="10.309" errors="0" timestamp="2023-09-19T20:50:44 IST" skipped="0">
  <testcase classname="LoginTC" name="tc2" time="10.309"/>
</testsuite> <!-- LoginTC -->
